2021-03-03 10:06:13,939 INFO Starting Nacos v1.2.1 on DESKTOP-G273OLV with PID 16840 (E:\workspace\github\cubo\nacos\target\nacos-server.jar started by suer in E:\workspace\github\cubo\nacos\bin)

2021-03-03 10:06:13,943 INFO The following profiles are active: standalone

2021-03-03 10:06:15,591 INFO Bean 'org.springframework.security.config.annotation.configuration.ObjectPostProcessorConfiguration' of type [org.springframework.security.config.annotation.configuration.ObjectPostProcessorConfiguration$$EnhancerBySpringCGLIB$$175476e2] is not eligible for getting processed by all BeanPostProcessors (for example: not eligible for auto-proxying)

2021-03-03 10:06:15,682 INFO Bean 'objectPostProcessor' of type [org.springframework.security.config.annotation.configuration.AutowireBeanFactoryObjectPostProcessor] is not eligible for getting processed by all BeanPostProcessors (for example: not eligible for auto-proxying)

2021-03-03 10:06:15,684 INFO Bean 'org.springframework.security.access.expression.method.DefaultMethodSecurityExpressionHandler@4e5ed836' of type [org.springframework.security.access.expression.method.DefaultMethodSecurityExpressionHandler] is not eligible for getting processed by all BeanPostProcessors (for example: not eligible for auto-proxying)

2021-03-03 10:06:15,686 INFO Bean 'org.springframework.security.config.annotation.method.configuration.GlobalMethodSecurityConfiguration' of type [org.springframework.security.config.annotation.method.configuration.GlobalMethodSecurityConfiguration$$EnhancerBySpringCGLIB$$3c291994] is not eligible for getting processed by all BeanPostProcessors (for example: not eligible for auto-proxying)

2021-03-03 10:06:15,691 INFO Bean 'methodSecurityMetadataSource' of type [org.springframework.security.access.method.DelegatingMethodSecurityMetadataSource] is not eligible for getting processed by all BeanPostProcessors (for example: not eligible for auto-proxying)

2021-03-03 10:06:16,298 INFO Tomcat initialized with port(s): 8848 (http)

2021-03-03 10:06:16,320 INFO Starting service [Tomcat]

2021-03-03 10:06:16,320 INFO Starting Servlet Engine: Apache Tomcat/9.0.13

2021-03-03 10:06:16,329 INFO The APR based Apache Tomcat Native library which allows optimal performance in production environments was not found on the java.library.path: [D:\Program Files\jdk1.8.0_181\bin;C:\Windows\Sun\Java\bin;C:\Windows\system32;C:\Windows;C:\Windows\system32;C:\Windows;C:\Windows\System32\Wbem;C:\Windows\System32\WindowsPowerShell\v1.0\;C:\Windows\System32\OpenSSH\;D:\Program Files\jdk1.8.0_181\bin;D:\Program Files\TortoiseGit\bin;D:\Program Files\nodejs\;D:\Program Files\nodejs\node_global;E:\apache-maven-3.5.4\bin;E:\gradle-6.5\bin;D:\Program Files\Git\cmd;C:\Program Files (x86)\Windows Kits\8.1\Windows Performance Toolkit\;C:\Users\suer\AppData\Local\Programs\Python\Python36;C:\Users\suer\AppData\Local\Programs\Python\Python36\Scripts;D:\Program Files\Go\bin;D:\Program Files\Go\bin;D:\Program Files\mingw64\bin;E:\download\protoc-3.14.0-win32\bin;C:\Users\suer\AppData\Local\Microsoft\WindowsApps;C:\Users\suer\AppData\Roaming\npm;D:\Program Files\Docker Toolbox;C:\Program Files\Elastic\Beats\7.6.1;D:\Program Files\Microsoft VS Code\bin;C:\Users\suer\go\bin;D:\Program Files\mingw64\bin;;D:\Program Files\Go\bin;.]

2021-03-03 10:06:16,415 INFO Initializing Spring embedded WebApplicationContext

2021-03-03 10:06:16,415 INFO Root WebApplicationContext: initialization completed in 2427 ms

2021-03-03 10:06:19,479 INFO Reflections took 39 ms to scan 1 urls, producing 6 keys and 24 values 

2021-03-03 10:06:19,512 INFO Reflections took 4 ms to scan 1 urls, producing 2 keys and 12 values 

2021-03-03 10:06:19,519 INFO Reflections took 4 ms to scan 1 urls, producing 3 keys and 15 values 

2021-03-03 10:06:20,203 INFO Use Mysql as the driver

2021-03-03 10:06:20,842 INFO Initializing ExecutorService 'applicationTaskExecutor'

2021-03-03 10:06:21,171 INFO Adding welcome page: class path resource [static/index.html]

2021-03-03 10:06:21,631 INFO Creating filter chain: Ant [pattern='/**'], []

2021-03-03 10:06:21,690 INFO Creating filter chain: any request, [org.springframework.security.web.context.request.async.WebAsyncManagerIntegrationFilter@78a287ed, org.springframework.security.web.context.SecurityContextPersistenceFilter@73db4768, org.springframework.security.web.header.HeaderWriterFilter@53f48368, org.springframework.security.web.csrf.CsrfFilter@30f5a68a, org.springframework.security.web.authentication.logout.LogoutFilter@7a8fa663, org.springframework.security.web.savedrequest.RequestCacheAwareFilter@a8c1f44, org.springframework.security.web.servletapi.SecurityContextHolderAwareRequestFilter@50fe837a, org.springframework.security.web.authentication.AnonymousAuthenticationFilter@546ccad7, org.springframework.security.web.session.SessionManagementFilter@f0e995e, org.springframework.security.web.access.ExceptionTranslationFilter@4f2c9ba6]

2021-03-03 10:06:21,813 INFO Exposing 2 endpoint(s) beneath base path '/actuator'

2021-03-03 10:06:21,872 INFO Initializing ExecutorService 'taskScheduler'

2021-03-03 10:06:22,067 INFO Tomcat started on port(s): 8848 (http) with context path '/nacos'

2021-03-03 10:06:22,073 INFO Started Nacos in 8.898 seconds (JVM running for 9.743)

2021-03-03 10:06:22,074 INFO Nacos logs files: E:\workspace\github\cubo\nacos\logs\

2021-03-03 10:06:22,074 INFO Nacos conf files: E:\workspace\github\cubo\nacos\conf\

2021-03-03 10:06:22,075 INFO Nacos data files: E:\workspace\github\cubo\nacos\data\

2021-03-03 10:06:22,076 INFO Nacos started successfully in stand alone mode.

2021-03-03 10:06:22,214 INFO Initializing Spring DispatcherServlet 'dispatcherServlet'

2021-03-03 10:06:22,214 INFO Initializing Servlet 'dispatcherServlet'

2021-03-03 10:06:22,236 INFO Completed initialization in 19 ms

2021-03-03 10:16:20,054 INFO [capacityManagement] start correct usage

2021-03-03 10:16:20,089 INFO [capacityManagement] end correct usage, cost: 0s

2021-03-03 10:16:20,198 WARN clearConfigHistory start

2021-03-03 10:16:20,205 WARN clearConfigHistory, getBeforeStamp:2021-02-01 10:16:20.0, totalCount:6, pageSize:1000, removeTime:1

2021-03-03 10:16:20,260 ERROR clearConfigHistory error

org.springframework.jdbc.UncategorizedSQLException: PreparedStatementCallback; uncategorized SQLException for SQL [delete from his_config_info where gmt_modified < ? OFFSET 0 ROWS FETCH NEXT ? ROWS ONLY]; SQL state [null]; error code [0]; Borrow prepareStatement from pool failed; nested exception is org.apache.commons.dbcp.SQLNestedException: Borrow prepareStatement from pool failed
	at org.springframework.jdbc.support.AbstractFallbackSQLExceptionTranslator.translate(AbstractFallbackSQLExceptionTranslator.java:89)
	at org.springframework.jdbc.support.AbstractFallbackSQLExceptionTranslator.translate(AbstractFallbackSQLExceptionTranslator.java:81)
	at org.springframework.jdbc.support.AbstractFallbackSQLExceptionTranslator.translate(AbstractFallbackSQLExceptionTranslator.java:81)
	at org.springframework.jdbc.core.JdbcTemplate.translateException(JdbcTemplate.java:1444)
	at org.springframework.jdbc.core.JdbcTemplate.execute(JdbcTemplate.java:632)
	at org.springframework.jdbc.core.JdbcTemplate.update(JdbcTemplate.java:862)
	at org.springframework.jdbc.core.JdbcTemplate.update(JdbcTemplate.java:917)
	at org.springframework.jdbc.core.JdbcTemplate.update(JdbcTemplate.java:927)
	at com.alibaba.nacos.config.server.utils.PaginationHelper.updateLimit(PaginationHelper.java:208)
	at com.alibaba.nacos.config.server.service.PersistService.removeConfigHistory(PersistService.java:941)
	at com.alibaba.nacos.config.server.service.PersistService$$FastClassBySpringCGLIB$$21ae4232.invoke(<generated>)
	at org.springframework.cglib.proxy.MethodProxy.invoke(MethodProxy.java:218)
	at org.springframework.aop.framework.CglibAopProxy$CglibMethodInvocation.invokeJoinpoint(CglibAopProxy.java:749)
	at org.springframework.aop.framework.ReflectiveMethodInvocation.proceed(ReflectiveMethodInvocation.java:163)
	at org.springframework.dao.support.PersistenceExceptionTranslationInterceptor.invoke(PersistenceExceptionTranslationInterceptor.java:139)
	at org.springframework.aop.framework.ReflectiveMethodInvocation.proceed(ReflectiveMethodInvocation.java:186)
	at org.springframework.aop.framework.CglibAopProxy$DynamicAdvisedInterceptor.intercept(CglibAopProxy.java:688)
	at com.alibaba.nacos.config.server.service.PersistService$$EnhancerBySpringCGLIB$$25086b1b.removeConfigHistory(<generated>)
	at com.alibaba.nacos.config.server.service.dump.DumpService.lambda$init$2(DumpService.java:100)
	at java.util.concurrent.Executors$RunnableAdapter.call(Executors.java:511)
	at java.util.concurrent.FutureTask.runAndReset(FutureTask.java:308)
	at java.util.concurrent.ScheduledThreadPoolExecutor$ScheduledFutureTask.access$301(ScheduledThreadPoolExecutor.java:180)
	at java.util.concurrent.ScheduledThreadPoolExecutor$ScheduledFutureTask.run(ScheduledThreadPoolExecutor.java:294)
	at java.util.concurrent.ThreadPoolExecutor.runWorker(ThreadPoolExecutor.java:1149)
	at java.util.concurrent.ThreadPoolExecutor$Worker.run(ThreadPoolExecutor.java:624)
	at java.lang.Thread.run(Thread.java:748)
Caused by: org.apache.commons.dbcp.SQLNestedException: Borrow prepareStatement from pool failed
	at org.apache.commons.dbcp.PoolingConnection.prepareStatement(PoolingConnection.java:113)
	at org.apache.commons.dbcp.DelegatingConnection.prepareStatement(DelegatingConnection.java:281)
	at org.apache.commons.dbcp.PoolingDataSource$PoolGuardConnectionWrapper.prepareStatement(PoolingDataSource.java:313)
	at org.springframework.jdbc.core.JdbcTemplate$SimplePreparedStatementCreator.createPreparedStatement(JdbcTemplate.java:1557)
	at org.springframework.jdbc.core.JdbcTemplate.execute(JdbcTemplate.java:615)
	... 21 common frames omitted
Caused by: java.sql.SQLSyntaxErrorException: Syntax error: Encountered "OFFSET" at line 1, column 52.
	at org.apache.derby.impl.jdbc.SQLExceptionFactory40.getSQLException(Unknown Source)
	at org.apache.derby.impl.jdbc.Util.generateCsSQLException(Unknown Source)
	at org.apache.derby.impl.jdbc.TransactionResourceImpl.wrapInSQLException(Unknown Source)
	at org.apache.derby.impl.jdbc.TransactionResourceImpl.handleException(Unknown Source)
	at org.apache.derby.impl.jdbc.EmbedConnection.handleException(Unknown Source)
	at org.apache.derby.impl.jdbc.ConnectionChild.handleException(Unknown Source)
	at org.apache.derby.impl.jdbc.EmbedPreparedStatement.<init>(Unknown Source)
	at org.apache.derby.impl.jdbc.EmbedPreparedStatement20.<init>(Unknown Source)
	at org.apache.derby.impl.jdbc.EmbedPreparedStatement30.<init>(Unknown Source)
	at org.apache.derby.impl.jdbc.EmbedPreparedStatement40.<init>(Unknown Source)
	at org.apache.derby.impl.jdbc.EmbedPreparedStatement42.<init>(Unknown Source)
	at org.apache.derby.jdbc.Driver42.newEmbedPreparedStatement(Unknown Source)
	at org.apache.derby.impl.jdbc.EmbedConnection.prepareStatement(Unknown Source)
	at org.apache.derby.impl.jdbc.EmbedConnection.prepareStatement(Unknown Source)
	at org.apache.commons.dbcp.PoolingConnection.makeObject(PoolingConnection.java:285)
	at org.apache.commons.pool.impl.GenericKeyedObjectPool.borrowObject(GenericKeyedObjectPool.java:1220)
	at org.apache.commons.dbcp.PoolingConnection.prepareStatement(PoolingConnection.java:107)
	... 25 common frames omitted
Caused by: org.apache.derby.impl.jdbc.EmbedSQLException: Syntax error: Encountered "OFFSET" at line 1, column 52.
	at org.apache.derby.impl.jdbc.SQLExceptionFactory.getSQLException(Unknown Source)
	at org.apache.derby.impl.jdbc.SQLExceptionFactory40.wrapArgsForTransportAcrossDRDA(Unknown Source)
	... 42 common frames omitted
Caused by: org.apache.derby.iapi.error.StandardException: Syntax error: Encountered "OFFSET" at line 1, column 52.
	at org.apache.derby.iapi.error.StandardException.newException(Unknown Source)
	at org.apache.derby.impl.sql.compile.ParserImpl.parseStatement(Unknown Source)
	at org.apache.derby.impl.sql.GenericStatement.prepMinion(Unknown Source)
	at org.apache.derby.impl.sql.GenericStatement.prepare(Unknown Source)
	at org.apache.derby.impl.sql.conn.GenericLanguageConnectionContext.prepareInternalStatement(Unknown Source)
	... 36 common frames omitted
2021-03-03 10:26:20,091 INFO [capacityManagement] start correct usage

2021-03-03 10:26:20,091 INFO [capacityManagement] end correct usage, cost: 0s

2021-03-03 10:26:20,261 WARN clearConfigHistory start

2021-03-03 10:26:20,263 WARN clearConfigHistory, getBeforeStamp:2021-02-01 10:26:20.0, totalCount:6, pageSize:1000, removeTime:1

2021-03-03 10:26:20,264 ERROR clearConfigHistory error

org.springframework.jdbc.UncategorizedSQLException: PreparedStatementCallback; uncategorized SQLException for SQL [delete from his_config_info where gmt_modified < ? OFFSET 0 ROWS FETCH NEXT ? ROWS ONLY]; SQL state [null]; error code [0]; Borrow prepareStatement from pool failed; nested exception is org.apache.commons.dbcp.SQLNestedException: Borrow prepareStatement from pool failed
	at org.springframework.jdbc.support.AbstractFallbackSQLExceptionTranslator.translate(AbstractFallbackSQLExceptionTranslator.java:89)
	at org.springframework.jdbc.support.AbstractFallbackSQLExceptionTranslator.translate(AbstractFallbackSQLExceptionTranslator.java:81)
	at org.springframework.jdbc.support.AbstractFallbackSQLExceptionTranslator.translate(AbstractFallbackSQLExceptionTranslator.java:81)
	at org.springframework.jdbc.core.JdbcTemplate.translateException(JdbcTemplate.java:1444)
	at org.springframework.jdbc.core.JdbcTemplate.execute(JdbcTemplate.java:632)
	at org.springframework.jdbc.core.JdbcTemplate.update(JdbcTemplate.java:862)
	at org.springframework.jdbc.core.JdbcTemplate.update(JdbcTemplate.java:917)
	at org.springframework.jdbc.core.JdbcTemplate.update(JdbcTemplate.java:927)
	at com.alibaba.nacos.config.server.utils.PaginationHelper.updateLimit(PaginationHelper.java:208)
	at com.alibaba.nacos.config.server.service.PersistService.removeConfigHistory(PersistService.java:941)
	at com.alibaba.nacos.config.server.service.PersistService$$FastClassBySpringCGLIB$$21ae4232.invoke(<generated>)
	at org.springframework.cglib.proxy.MethodProxy.invoke(MethodProxy.java:218)
	at org.springframework.aop.framework.CglibAopProxy$CglibMethodInvocation.invokeJoinpoint(CglibAopProxy.java:749)
	at org.springframework.aop.framework.ReflectiveMethodInvocation.proceed(ReflectiveMethodInvocation.java:163)
	at org.springframework.dao.support.PersistenceExceptionTranslationInterceptor.invoke(PersistenceExceptionTranslationInterceptor.java:139)
	at org.springframework.aop.framework.ReflectiveMethodInvocation.proceed(ReflectiveMethodInvocation.java:186)
	at org.springframework.aop.framework.CglibAopProxy$DynamicAdvisedInterceptor.intercept(CglibAopProxy.java:688)
	at com.alibaba.nacos.config.server.service.PersistService$$EnhancerBySpringCGLIB$$25086b1b.removeConfigHistory(<generated>)
	at com.alibaba.nacos.config.server.service.dump.DumpService.lambda$init$2(DumpService.java:100)
	at java.util.concurrent.Executors$RunnableAdapter.call(Executors.java:511)
	at java.util.concurrent.FutureTask.runAndReset(FutureTask.java:308)
	at java.util.concurrent.ScheduledThreadPoolExecutor$ScheduledFutureTask.access$301(ScheduledThreadPoolExecutor.java:180)
	at java.util.concurrent.ScheduledThreadPoolExecutor$ScheduledFutureTask.run(ScheduledThreadPoolExecutor.java:294)
	at java.util.concurrent.ThreadPoolExecutor.runWorker(ThreadPoolExecutor.java:1149)
	at java.util.concurrent.ThreadPoolExecutor$Worker.run(ThreadPoolExecutor.java:624)
	at java.lang.Thread.run(Thread.java:748)
Caused by: org.apache.commons.dbcp.SQLNestedException: Borrow prepareStatement from pool failed
	at org.apache.commons.dbcp.PoolingConnection.prepareStatement(PoolingConnection.java:113)
	at org.apache.commons.dbcp.DelegatingConnection.prepareStatement(DelegatingConnection.java:281)
	at org.apache.commons.dbcp.PoolingDataSource$PoolGuardConnectionWrapper.prepareStatement(PoolingDataSource.java:313)
	at org.springframework.jdbc.core.JdbcTemplate$SimplePreparedStatementCreator.createPreparedStatement(JdbcTemplate.java:1557)
	at org.springframework.jdbc.core.JdbcTemplate.execute(JdbcTemplate.java:615)
	... 21 common frames omitted
Caused by: java.sql.SQLSyntaxErrorException: Syntax error: Encountered "OFFSET" at line 1, column 52.
	at org.apache.derby.impl.jdbc.SQLExceptionFactory40.getSQLException(Unknown Source)
	at org.apache.derby.impl.jdbc.Util.generateCsSQLException(Unknown Source)
	at org.apache.derby.impl.jdbc.TransactionResourceImpl.wrapInSQLException(Unknown Source)
	at org.apache.derby.impl.jdbc.TransactionResourceImpl.handleException(Unknown Source)
	at org.apache.derby.impl.jdbc.EmbedConnection.handleException(Unknown Source)
	at org.apache.derby.impl.jdbc.ConnectionChild.handleException(Unknown Source)
	at org.apache.derby.impl.jdbc.EmbedPreparedStatement.<init>(Unknown Source)
	at org.apache.derby.impl.jdbc.EmbedPreparedStatement20.<init>(Unknown Source)
	at org.apache.derby.impl.jdbc.EmbedPreparedStatement30.<init>(Unknown Source)
	at org.apache.derby.impl.jdbc.EmbedPreparedStatement40.<init>(Unknown Source)
	at org.apache.derby.impl.jdbc.EmbedPreparedStatement42.<init>(Unknown Source)
	at org.apache.derby.jdbc.Driver42.newEmbedPreparedStatement(Unknown Source)
	at org.apache.derby.impl.jdbc.EmbedConnection.prepareStatement(Unknown Source)
	at org.apache.derby.impl.jdbc.EmbedConnection.prepareStatement(Unknown Source)
	at org.apache.commons.dbcp.PoolingConnection.makeObject(PoolingConnection.java:285)
	at org.apache.commons.pool.impl.GenericKeyedObjectPool.borrowObject(GenericKeyedObjectPool.java:1220)
	at org.apache.commons.dbcp.PoolingConnection.prepareStatement(PoolingConnection.java:107)
	... 25 common frames omitted
Caused by: org.apache.derby.impl.jdbc.EmbedSQLException: Syntax error: Encountered "OFFSET" at line 1, column 52.
	at org.apache.derby.impl.jdbc.SQLExceptionFactory.getSQLException(Unknown Source)
	at org.apache.derby.impl.jdbc.SQLExceptionFactory40.wrapArgsForTransportAcrossDRDA(Unknown Source)
	... 42 common frames omitted
Caused by: org.apache.derby.iapi.error.StandardException: Syntax error: Encountered "OFFSET" at line 1, column 52.
	at org.apache.derby.iapi.error.StandardException.newException(Unknown Source)
	at org.apache.derby.impl.sql.compile.ParserImpl.parseStatement(Unknown Source)
	at org.apache.derby.impl.sql.GenericStatement.prepMinion(Unknown Source)
	at org.apache.derby.impl.sql.GenericStatement.prepare(Unknown Source)
	at org.apache.derby.impl.sql.conn.GenericLanguageConnectionContext.prepareInternalStatement(Unknown Source)
	... 36 common frames omitted
2021-03-03 10:36:20,092 INFO [capacityManagement] start correct usage

2021-03-03 10:36:20,092 INFO [capacityManagement] end correct usage, cost: 0s

2021-03-03 10:36:20,266 WARN clearConfigHistory start

2021-03-03 10:36:20,266 WARN clearConfigHistory, getBeforeStamp:2021-02-01 10:36:20.0, totalCount:6, pageSize:1000, removeTime:1

2021-03-03 10:36:20,271 ERROR clearConfigHistory error

org.springframework.jdbc.UncategorizedSQLException: PreparedStatementCallback; uncategorized SQLException for SQL [delete from his_config_info where gmt_modified < ? OFFSET 0 ROWS FETCH NEXT ? ROWS ONLY]; SQL state [null]; error code [0]; Borrow prepareStatement from pool failed; nested exception is org.apache.commons.dbcp.SQLNestedException: Borrow prepareStatement from pool failed
	at org.springframework.jdbc.support.AbstractFallbackSQLExceptionTranslator.translate(AbstractFallbackSQLExceptionTranslator.java:89)
	at org.springframework.jdbc.support.AbstractFallbackSQLExceptionTranslator.translate(AbstractFallbackSQLExceptionTranslator.java:81)
	at org.springframework.jdbc.support.AbstractFallbackSQLExceptionTranslator.translate(AbstractFallbackSQLExceptionTranslator.java:81)
	at org.springframework.jdbc.core.JdbcTemplate.translateException(JdbcTemplate.java:1444)
	at org.springframework.jdbc.core.JdbcTemplate.execute(JdbcTemplate.java:632)
	at org.springframework.jdbc.core.JdbcTemplate.update(JdbcTemplate.java:862)
	at org.springframework.jdbc.core.JdbcTemplate.update(JdbcTemplate.java:917)
	at org.springframework.jdbc.core.JdbcTemplate.update(JdbcTemplate.java:927)
	at com.alibaba.nacos.config.server.utils.PaginationHelper.updateLimit(PaginationHelper.java:208)
	at com.alibaba.nacos.config.server.service.PersistService.removeConfigHistory(PersistService.java:941)
	at com.alibaba.nacos.config.server.service.PersistService$$FastClassBySpringCGLIB$$21ae4232.invoke(<generated>)
	at org.springframework.cglib.proxy.MethodProxy.invoke(MethodProxy.java:218)
	at org.springframework.aop.framework.CglibAopProxy$CglibMethodInvocation.invokeJoinpoint(CglibAopProxy.java:749)
	at org.springframework.aop.framework.ReflectiveMethodInvocation.proceed(ReflectiveMethodInvocation.java:163)
	at org.springframework.dao.support.PersistenceExceptionTranslationInterceptor.invoke(PersistenceExceptionTranslationInterceptor.java:139)
	at org.springframework.aop.framework.ReflectiveMethodInvocation.proceed(ReflectiveMethodInvocation.java:186)
	at org.springframework.aop.framework.CglibAopProxy$DynamicAdvisedInterceptor.intercept(CglibAopProxy.java:688)
	at com.alibaba.nacos.config.server.service.PersistService$$EnhancerBySpringCGLIB$$25086b1b.removeConfigHistory(<generated>)
	at com.alibaba.nacos.config.server.service.dump.DumpService.lambda$init$2(DumpService.java:100)
	at java.util.concurrent.Executors$RunnableAdapter.call(Executors.java:511)
	at java.util.concurrent.FutureTask.runAndReset(FutureTask.java:308)
	at java.util.concurrent.ScheduledThreadPoolExecutor$ScheduledFutureTask.access$301(ScheduledThreadPoolExecutor.java:180)
	at java.util.concurrent.ScheduledThreadPoolExecutor$ScheduledFutureTask.run(ScheduledThreadPoolExecutor.java:294)
	at java.util.concurrent.ThreadPoolExecutor.runWorker(ThreadPoolExecutor.java:1149)
	at java.util.concurrent.ThreadPoolExecutor$Worker.run(ThreadPoolExecutor.java:624)
	at java.lang.Thread.run(Thread.java:748)
Caused by: org.apache.commons.dbcp.SQLNestedException: Borrow prepareStatement from pool failed
	at org.apache.commons.dbcp.PoolingConnection.prepareStatement(PoolingConnection.java:113)
	at org.apache.commons.dbcp.DelegatingConnection.prepareStatement(DelegatingConnection.java:281)
	at org.apache.commons.dbcp.PoolingDataSource$PoolGuardConnectionWrapper.prepareStatement(PoolingDataSource.java:313)
	at org.springframework.jdbc.core.JdbcTemplate$SimplePreparedStatementCreator.createPreparedStatement(JdbcTemplate.java:1557)
	at org.springframework.jdbc.core.JdbcTemplate.execute(JdbcTemplate.java:615)
	... 21 common frames omitted
Caused by: java.sql.SQLSyntaxErrorException: Syntax error: Encountered "OFFSET" at line 1, column 52.
	at org.apache.derby.impl.jdbc.SQLExceptionFactory40.getSQLException(Unknown Source)
	at org.apache.derby.impl.jdbc.Util.generateCsSQLException(Unknown Source)
	at org.apache.derby.impl.jdbc.TransactionResourceImpl.wrapInSQLException(Unknown Source)
	at org.apache.derby.impl.jdbc.TransactionResourceImpl.handleException(Unknown Source)
	at org.apache.derby.impl.jdbc.EmbedConnection.handleException(Unknown Source)
	at org.apache.derby.impl.jdbc.ConnectionChild.handleException(Unknown Source)
	at org.apache.derby.impl.jdbc.EmbedPreparedStatement.<init>(Unknown Source)
	at org.apache.derby.impl.jdbc.EmbedPreparedStatement20.<init>(Unknown Source)
	at org.apache.derby.impl.jdbc.EmbedPreparedStatement30.<init>(Unknown Source)
	at org.apache.derby.impl.jdbc.EmbedPreparedStatement40.<init>(Unknown Source)
	at org.apache.derby.impl.jdbc.EmbedPreparedStatement42.<init>(Unknown Source)
	at org.apache.derby.jdbc.Driver42.newEmbedPreparedStatement(Unknown Source)
	at org.apache.derby.impl.jdbc.EmbedConnection.prepareStatement(Unknown Source)
	at org.apache.derby.impl.jdbc.EmbedConnection.prepareStatement(Unknown Source)
	at org.apache.commons.dbcp.PoolingConnection.makeObject(PoolingConnection.java:285)
	at org.apache.commons.pool.impl.GenericKeyedObjectPool.borrowObject(GenericKeyedObjectPool.java:1220)
	at org.apache.commons.dbcp.PoolingConnection.prepareStatement(PoolingConnection.java:107)
	... 25 common frames omitted
Caused by: org.apache.derby.impl.jdbc.EmbedSQLException: Syntax error: Encountered "OFFSET" at line 1, column 52.
	at org.apache.derby.impl.jdbc.SQLExceptionFactory.getSQLException(Unknown Source)
	at org.apache.derby.impl.jdbc.SQLExceptionFactory40.wrapArgsForTransportAcrossDRDA(Unknown Source)
	... 42 common frames omitted
Caused by: org.apache.derby.iapi.error.StandardException: Syntax error: Encountered "OFFSET" at line 1, column 52.
	at org.apache.derby.iapi.error.StandardException.newException(Unknown Source)
	at org.apache.derby.impl.sql.compile.ParserImpl.parseStatement(Unknown Source)
	at org.apache.derby.impl.sql.GenericStatement.prepMinion(Unknown Source)
	at org.apache.derby.impl.sql.GenericStatement.prepare(Unknown Source)
	at org.apache.derby.impl.sql.conn.GenericLanguageConnectionContext.prepareInternalStatement(Unknown Source)
	... 36 common frames omitted
2021-03-03 10:46:20,094 INFO [capacityManagement] start correct usage

2021-03-03 10:46:20,094 INFO [capacityManagement] end correct usage, cost: 0s

2021-03-03 10:46:20,272 WARN clearConfigHistory start

2021-03-03 10:46:20,272 WARN clearConfigHistory, getBeforeStamp:2021-02-01 10:46:20.0, totalCount:6, pageSize:1000, removeTime:1

2021-03-03 10:46:20,276 ERROR clearConfigHistory error

org.springframework.jdbc.UncategorizedSQLException: PreparedStatementCallback; uncategorized SQLException for SQL [delete from his_config_info where gmt_modified < ? OFFSET 0 ROWS FETCH NEXT ? ROWS ONLY]; SQL state [null]; error code [0]; Borrow prepareStatement from pool failed; nested exception is org.apache.commons.dbcp.SQLNestedException: Borrow prepareStatement from pool failed
	at org.springframework.jdbc.support.AbstractFallbackSQLExceptionTranslator.translate(AbstractFallbackSQLExceptionTranslator.java:89)
	at org.springframework.jdbc.support.AbstractFallbackSQLExceptionTranslator.translate(AbstractFallbackSQLExceptionTranslator.java:81)
	at org.springframework.jdbc.support.AbstractFallbackSQLExceptionTranslator.translate(AbstractFallbackSQLExceptionTranslator.java:81)
	at org.springframework.jdbc.core.JdbcTemplate.translateException(JdbcTemplate.java:1444)
	at org.springframework.jdbc.core.JdbcTemplate.execute(JdbcTemplate.java:632)
	at org.springframework.jdbc.core.JdbcTemplate.update(JdbcTemplate.java:862)
	at org.springframework.jdbc.core.JdbcTemplate.update(JdbcTemplate.java:917)
	at org.springframework.jdbc.core.JdbcTemplate.update(JdbcTemplate.java:927)
	at com.alibaba.nacos.config.server.utils.PaginationHelper.updateLimit(PaginationHelper.java:208)
	at com.alibaba.nacos.config.server.service.PersistService.removeConfigHistory(PersistService.java:941)
	at com.alibaba.nacos.config.server.service.PersistService$$FastClassBySpringCGLIB$$21ae4232.invoke(<generated>)
	at org.springframework.cglib.proxy.MethodProxy.invoke(MethodProxy.java:218)
	at org.springframework.aop.framework.CglibAopProxy$CglibMethodInvocation.invokeJoinpoint(CglibAopProxy.java:749)
	at org.springframework.aop.framework.ReflectiveMethodInvocation.proceed(ReflectiveMethodInvocation.java:163)
	at org.springframework.dao.support.PersistenceExceptionTranslationInterceptor.invoke(PersistenceExceptionTranslationInterceptor.java:139)
	at org.springframework.aop.framework.ReflectiveMethodInvocation.proceed(ReflectiveMethodInvocation.java:186)
	at org.springframework.aop.framework.CglibAopProxy$DynamicAdvisedInterceptor.intercept(CglibAopProxy.java:688)
	at com.alibaba.nacos.config.server.service.PersistService$$EnhancerBySpringCGLIB$$25086b1b.removeConfigHistory(<generated>)
	at com.alibaba.nacos.config.server.service.dump.DumpService.lambda$init$2(DumpService.java:100)
	at java.util.concurrent.Executors$RunnableAdapter.call(Executors.java:511)
	at java.util.concurrent.FutureTask.runAndReset(FutureTask.java:308)
	at java.util.concurrent.ScheduledThreadPoolExecutor$ScheduledFutureTask.access$301(ScheduledThreadPoolExecutor.java:180)
	at java.util.concurrent.ScheduledThreadPoolExecutor$ScheduledFutureTask.run(ScheduledThreadPoolExecutor.java:294)
	at java.util.concurrent.ThreadPoolExecutor.runWorker(ThreadPoolExecutor.java:1149)
	at java.util.concurrent.ThreadPoolExecutor$Worker.run(ThreadPoolExecutor.java:624)
	at java.lang.Thread.run(Thread.java:748)
Caused by: org.apache.commons.dbcp.SQLNestedException: Borrow prepareStatement from pool failed
	at org.apache.commons.dbcp.PoolingConnection.prepareStatement(PoolingConnection.java:113)
	at org.apache.commons.dbcp.DelegatingConnection.prepareStatement(DelegatingConnection.java:281)
	at org.apache.commons.dbcp.PoolingDataSource$PoolGuardConnectionWrapper.prepareStatement(PoolingDataSource.java:313)
	at org.springframework.jdbc.core.JdbcTemplate$SimplePreparedStatementCreator.createPreparedStatement(JdbcTemplate.java:1557)
	at org.springframework.jdbc.core.JdbcTemplate.execute(JdbcTemplate.java:615)
	... 21 common frames omitted
Caused by: java.sql.SQLSyntaxErrorException: Syntax error: Encountered "OFFSET" at line 1, column 52.
	at org.apache.derby.impl.jdbc.SQLExceptionFactory40.getSQLException(Unknown Source)
	at org.apache.derby.impl.jdbc.Util.generateCsSQLException(Unknown Source)
	at org.apache.derby.impl.jdbc.TransactionResourceImpl.wrapInSQLException(Unknown Source)
	at org.apache.derby.impl.jdbc.TransactionResourceImpl.handleException(Unknown Source)
	at org.apache.derby.impl.jdbc.EmbedConnection.handleException(Unknown Source)
	at org.apache.derby.impl.jdbc.ConnectionChild.handleException(Unknown Source)
	at org.apache.derby.impl.jdbc.EmbedPreparedStatement.<init>(Unknown Source)
	at org.apache.derby.impl.jdbc.EmbedPreparedStatement20.<init>(Unknown Source)
	at org.apache.derby.impl.jdbc.EmbedPreparedStatement30.<init>(Unknown Source)
	at org.apache.derby.impl.jdbc.EmbedPreparedStatement40.<init>(Unknown Source)
	at org.apache.derby.impl.jdbc.EmbedPreparedStatement42.<init>(Unknown Source)
	at org.apache.derby.jdbc.Driver42.newEmbedPreparedStatement(Unknown Source)
	at org.apache.derby.impl.jdbc.EmbedConnection.prepareStatement(Unknown Source)
	at org.apache.derby.impl.jdbc.EmbedConnection.prepareStatement(Unknown Source)
	at org.apache.commons.dbcp.PoolingConnection.makeObject(PoolingConnection.java:285)
	at org.apache.commons.pool.impl.GenericKeyedObjectPool.borrowObject(GenericKeyedObjectPool.java:1220)
	at org.apache.commons.dbcp.PoolingConnection.prepareStatement(PoolingConnection.java:107)
	... 25 common frames omitted
Caused by: org.apache.derby.impl.jdbc.EmbedSQLException: Syntax error: Encountered "OFFSET" at line 1, column 52.
	at org.apache.derby.impl.jdbc.SQLExceptionFactory.getSQLException(Unknown Source)
	at org.apache.derby.impl.jdbc.SQLExceptionFactory40.wrapArgsForTransportAcrossDRDA(Unknown Source)
	... 42 common frames omitted
Caused by: org.apache.derby.iapi.error.StandardException: Syntax error: Encountered "OFFSET" at line 1, column 52.
	at org.apache.derby.iapi.error.StandardException.newException(Unknown Source)
	at org.apache.derby.impl.sql.compile.ParserImpl.parseStatement(Unknown Source)
	at org.apache.derby.impl.sql.GenericStatement.prepMinion(Unknown Source)
	at org.apache.derby.impl.sql.GenericStatement.prepare(Unknown Source)
	at org.apache.derby.impl.sql.conn.GenericLanguageConnectionContext.prepareInternalStatement(Unknown Source)
	... 36 common frames omitted
2021-03-03 10:56:20,095 INFO [capacityManagement] start correct usage

2021-03-03 10:56:20,095 INFO [capacityManagement] end correct usage, cost: 0s

2021-03-03 10:56:20,278 WARN clearConfigHistory start

2021-03-03 10:56:20,282 WARN clearConfigHistory, getBeforeStamp:2021-02-01 10:56:20.0, totalCount:6, pageSize:1000, removeTime:1

2021-03-03 10:56:20,285 ERROR clearConfigHistory error

org.springframework.jdbc.UncategorizedSQLException: PreparedStatementCallback; uncategorized SQLException for SQL [delete from his_config_info where gmt_modified < ? OFFSET 0 ROWS FETCH NEXT ? ROWS ONLY]; SQL state [null]; error code [0]; Borrow prepareStatement from pool failed; nested exception is org.apache.commons.dbcp.SQLNestedException: Borrow prepareStatement from pool failed
	at org.springframework.jdbc.support.AbstractFallbackSQLExceptionTranslator.translate(AbstractFallbackSQLExceptionTranslator.java:89)
	at org.springframework.jdbc.support.AbstractFallbackSQLExceptionTranslator.translate(AbstractFallbackSQLExceptionTranslator.java:81)
	at org.springframework.jdbc.support.AbstractFallbackSQLExceptionTranslator.translate(AbstractFallbackSQLExceptionTranslator.java:81)
	at org.springframework.jdbc.core.JdbcTemplate.translateException(JdbcTemplate.java:1444)
	at org.springframework.jdbc.core.JdbcTemplate.execute(JdbcTemplate.java:632)
	at org.springframework.jdbc.core.JdbcTemplate.update(JdbcTemplate.java:862)
	at org.springframework.jdbc.core.JdbcTemplate.update(JdbcTemplate.java:917)
	at org.springframework.jdbc.core.JdbcTemplate.update(JdbcTemplate.java:927)
	at com.alibaba.nacos.config.server.utils.PaginationHelper.updateLimit(PaginationHelper.java:208)
	at com.alibaba.nacos.config.server.service.PersistService.removeConfigHistory(PersistService.java:941)
	at com.alibaba.nacos.config.server.service.PersistService$$FastClassBySpringCGLIB$$21ae4232.invoke(<generated>)
	at org.springframework.cglib.proxy.MethodProxy.invoke(MethodProxy.java:218)
	at org.springframework.aop.framework.CglibAopProxy$CglibMethodInvocation.invokeJoinpoint(CglibAopProxy.java:749)
	at org.springframework.aop.framework.ReflectiveMethodInvocation.proceed(ReflectiveMethodInvocation.java:163)
	at org.springframework.dao.support.PersistenceExceptionTranslationInterceptor.invoke(PersistenceExceptionTranslationInterceptor.java:139)
	at org.springframework.aop.framework.ReflectiveMethodInvocation.proceed(ReflectiveMethodInvocation.java:186)
	at org.springframework.aop.framework.CglibAopProxy$DynamicAdvisedInterceptor.intercept(CglibAopProxy.java:688)
	at com.alibaba.nacos.config.server.service.PersistService$$EnhancerBySpringCGLIB$$25086b1b.removeConfigHistory(<generated>)
	at com.alibaba.nacos.config.server.service.dump.DumpService.lambda$init$2(DumpService.java:100)
	at java.util.concurrent.Executors$RunnableAdapter.call(Executors.java:511)
	at java.util.concurrent.FutureTask.runAndReset(FutureTask.java:308)
	at java.util.concurrent.ScheduledThreadPoolExecutor$ScheduledFutureTask.access$301(ScheduledThreadPoolExecutor.java:180)
	at java.util.concurrent.ScheduledThreadPoolExecutor$ScheduledFutureTask.run(ScheduledThreadPoolExecutor.java:294)
	at java.util.concurrent.ThreadPoolExecutor.runWorker(ThreadPoolExecutor.java:1149)
	at java.util.concurrent.ThreadPoolExecutor$Worker.run(ThreadPoolExecutor.java:624)
	at java.lang.Thread.run(Thread.java:748)
Caused by: org.apache.commons.dbcp.SQLNestedException: Borrow prepareStatement from pool failed
	at org.apache.commons.dbcp.PoolingConnection.prepareStatement(PoolingConnection.java:113)
	at org.apache.commons.dbcp.DelegatingConnection.prepareStatement(DelegatingConnection.java:281)
	at org.apache.commons.dbcp.PoolingDataSource$PoolGuardConnectionWrapper.prepareStatement(PoolingDataSource.java:313)
	at org.springframework.jdbc.core.JdbcTemplate$SimplePreparedStatementCreator.createPreparedStatement(JdbcTemplate.java:1557)
	at org.springframework.jdbc.core.JdbcTemplate.execute(JdbcTemplate.java:615)
	... 21 common frames omitted
Caused by: java.sql.SQLSyntaxErrorException: Syntax error: Encountered "OFFSET" at line 1, column 52.
	at org.apache.derby.impl.jdbc.SQLExceptionFactory40.getSQLException(Unknown Source)
	at org.apache.derby.impl.jdbc.Util.generateCsSQLException(Unknown Source)
	at org.apache.derby.impl.jdbc.TransactionResourceImpl.wrapInSQLException(Unknown Source)
	at org.apache.derby.impl.jdbc.TransactionResourceImpl.handleException(Unknown Source)
	at org.apache.derby.impl.jdbc.EmbedConnection.handleException(Unknown Source)
	at org.apache.derby.impl.jdbc.ConnectionChild.handleException(Unknown Source)
	at org.apache.derby.impl.jdbc.EmbedPreparedStatement.<init>(Unknown Source)
	at org.apache.derby.impl.jdbc.EmbedPreparedStatement20.<init>(Unknown Source)
	at org.apache.derby.impl.jdbc.EmbedPreparedStatement30.<init>(Unknown Source)
	at org.apache.derby.impl.jdbc.EmbedPreparedStatement40.<init>(Unknown Source)
	at org.apache.derby.impl.jdbc.EmbedPreparedStatement42.<init>(Unknown Source)
	at org.apache.derby.jdbc.Driver42.newEmbedPreparedStatement(Unknown Source)
	at org.apache.derby.impl.jdbc.EmbedConnection.prepareStatement(Unknown Source)
	at org.apache.derby.impl.jdbc.EmbedConnection.prepareStatement(Unknown Source)
	at org.apache.commons.dbcp.PoolingConnection.makeObject(PoolingConnection.java:285)
	at org.apache.commons.pool.impl.GenericKeyedObjectPool.borrowObject(GenericKeyedObjectPool.java:1220)
	at org.apache.commons.dbcp.PoolingConnection.prepareStatement(PoolingConnection.java:107)
	... 25 common frames omitted
Caused by: org.apache.derby.impl.jdbc.EmbedSQLException: Syntax error: Encountered "OFFSET" at line 1, column 52.
	at org.apache.derby.impl.jdbc.SQLExceptionFactory.getSQLException(Unknown Source)
	at org.apache.derby.impl.jdbc.SQLExceptionFactory40.wrapArgsForTransportAcrossDRDA(Unknown Source)
	... 42 common frames omitted
Caused by: org.apache.derby.iapi.error.StandardException: Syntax error: Encountered "OFFSET" at line 1, column 52.
	at org.apache.derby.iapi.error.StandardException.newException(Unknown Source)
	at org.apache.derby.impl.sql.compile.ParserImpl.parseStatement(Unknown Source)
	at org.apache.derby.impl.sql.GenericStatement.prepMinion(Unknown Source)
	at org.apache.derby.impl.sql.GenericStatement.prepare(Unknown Source)
	at org.apache.derby.impl.sql.conn.GenericLanguageConnectionContext.prepareInternalStatement(Unknown Source)
	... 36 common frames omitted
2021-03-03 11:06:20,096 INFO [capacityManagement] start correct usage

2021-03-03 11:06:20,096 INFO [capacityManagement] end correct usage, cost: 0s

2021-03-03 11:06:20,286 WARN clearConfigHistory start

2021-03-03 11:06:20,287 WARN clearConfigHistory, getBeforeStamp:2021-02-01 11:06:20.0, totalCount:6, pageSize:1000, removeTime:1

2021-03-03 11:06:20,288 ERROR clearConfigHistory error

org.springframework.jdbc.UncategorizedSQLException: PreparedStatementCallback; uncategorized SQLException for SQL [delete from his_config_info where gmt_modified < ? OFFSET 0 ROWS FETCH NEXT ? ROWS ONLY]; SQL state [null]; error code [0]; Borrow prepareStatement from pool failed; nested exception is org.apache.commons.dbcp.SQLNestedException: Borrow prepareStatement from pool failed
	at org.springframework.jdbc.support.AbstractFallbackSQLExceptionTranslator.translate(AbstractFallbackSQLExceptionTranslator.java:89)
	at org.springframework.jdbc.support.AbstractFallbackSQLExceptionTranslator.translate(AbstractFallbackSQLExceptionTranslator.java:81)
	at org.springframework.jdbc.support.AbstractFallbackSQLExceptionTranslator.translate(AbstractFallbackSQLExceptionTranslator.java:81)
	at org.springframework.jdbc.core.JdbcTemplate.translateException(JdbcTemplate.java:1444)
	at org.springframework.jdbc.core.JdbcTemplate.execute(JdbcTemplate.java:632)
	at org.springframework.jdbc.core.JdbcTemplate.update(JdbcTemplate.java:862)
	at org.springframework.jdbc.core.JdbcTemplate.update(JdbcTemplate.java:917)
	at org.springframework.jdbc.core.JdbcTemplate.update(JdbcTemplate.java:927)
	at com.alibaba.nacos.config.server.utils.PaginationHelper.updateLimit(PaginationHelper.java:208)
	at com.alibaba.nacos.config.server.service.PersistService.removeConfigHistory(PersistService.java:941)
	at com.alibaba.nacos.config.server.service.PersistService$$FastClassBySpringCGLIB$$21ae4232.invoke(<generated>)
	at org.springframework.cglib.proxy.MethodProxy.invoke(MethodProxy.java:218)
	at org.springframework.aop.framework.CglibAopProxy$CglibMethodInvocation.invokeJoinpoint(CglibAopProxy.java:749)
	at org.springframework.aop.framework.ReflectiveMethodInvocation.proceed(ReflectiveMethodInvocation.java:163)
	at org.springframework.dao.support.PersistenceExceptionTranslationInterceptor.invoke(PersistenceExceptionTranslationInterceptor.java:139)
	at org.springframework.aop.framework.ReflectiveMethodInvocation.proceed(ReflectiveMethodInvocation.java:186)
	at org.springframework.aop.framework.CglibAopProxy$DynamicAdvisedInterceptor.intercept(CglibAopProxy.java:688)
	at com.alibaba.nacos.config.server.service.PersistService$$EnhancerBySpringCGLIB$$25086b1b.removeConfigHistory(<generated>)
	at com.alibaba.nacos.config.server.service.dump.DumpService.lambda$init$2(DumpService.java:100)
	at java.util.concurrent.Executors$RunnableAdapter.call(Executors.java:511)
	at java.util.concurrent.FutureTask.runAndReset(FutureTask.java:308)
	at java.util.concurrent.ScheduledThreadPoolExecutor$ScheduledFutureTask.access$301(ScheduledThreadPoolExecutor.java:180)
	at java.util.concurrent.ScheduledThreadPoolExecutor$ScheduledFutureTask.run(ScheduledThreadPoolExecutor.java:294)
	at java.util.concurrent.ThreadPoolExecutor.runWorker(ThreadPoolExecutor.java:1149)
	at java.util.concurrent.ThreadPoolExecutor$Worker.run(ThreadPoolExecutor.java:624)
	at java.lang.Thread.run(Thread.java:748)
Caused by: org.apache.commons.dbcp.SQLNestedException: Borrow prepareStatement from pool failed
	at org.apache.commons.dbcp.PoolingConnection.prepareStatement(PoolingConnection.java:113)
	at org.apache.commons.dbcp.DelegatingConnection.prepareStatement(DelegatingConnection.java:281)
	at org.apache.commons.dbcp.PoolingDataSource$PoolGuardConnectionWrapper.prepareStatement(PoolingDataSource.java:313)
	at org.springframework.jdbc.core.JdbcTemplate$SimplePreparedStatementCreator.createPreparedStatement(JdbcTemplate.java:1557)
	at org.springframework.jdbc.core.JdbcTemplate.execute(JdbcTemplate.java:615)
	... 21 common frames omitted
Caused by: java.sql.SQLSyntaxErrorException: Syntax error: Encountered "OFFSET" at line 1, column 52.
	at org.apache.derby.impl.jdbc.SQLExceptionFactory40.getSQLException(Unknown Source)
	at org.apache.derby.impl.jdbc.Util.generateCsSQLException(Unknown Source)
	at org.apache.derby.impl.jdbc.TransactionResourceImpl.wrapInSQLException(Unknown Source)
	at org.apache.derby.impl.jdbc.TransactionResourceImpl.handleException(Unknown Source)
	at org.apache.derby.impl.jdbc.EmbedConnection.handleException(Unknown Source)
	at org.apache.derby.impl.jdbc.ConnectionChild.handleException(Unknown Source)
	at org.apache.derby.impl.jdbc.EmbedPreparedStatement.<init>(Unknown Source)
	at org.apache.derby.impl.jdbc.EmbedPreparedStatement20.<init>(Unknown Source)
	at org.apache.derby.impl.jdbc.EmbedPreparedStatement30.<init>(Unknown Source)
	at org.apache.derby.impl.jdbc.EmbedPreparedStatement40.<init>(Unknown Source)
	at org.apache.derby.impl.jdbc.EmbedPreparedStatement42.<init>(Unknown Source)
	at org.apache.derby.jdbc.Driver42.newEmbedPreparedStatement(Unknown Source)
	at org.apache.derby.impl.jdbc.EmbedConnection.prepareStatement(Unknown Source)
	at org.apache.derby.impl.jdbc.EmbedConnection.prepareStatement(Unknown Source)
	at org.apache.commons.dbcp.PoolingConnection.makeObject(PoolingConnection.java:285)
	at org.apache.commons.pool.impl.GenericKeyedObjectPool.borrowObject(GenericKeyedObjectPool.java:1220)
	at org.apache.commons.dbcp.PoolingConnection.prepareStatement(PoolingConnection.java:107)
	... 25 common frames omitted
Caused by: org.apache.derby.impl.jdbc.EmbedSQLException: Syntax error: Encountered "OFFSET" at line 1, column 52.
	at org.apache.derby.impl.jdbc.SQLExceptionFactory.getSQLException(Unknown Source)
	at org.apache.derby.impl.jdbc.SQLExceptionFactory40.wrapArgsForTransportAcrossDRDA(Unknown Source)
	... 42 common frames omitted
Caused by: org.apache.derby.iapi.error.StandardException: Syntax error: Encountered "OFFSET" at line 1, column 52.
	at org.apache.derby.iapi.error.StandardException.newException(Unknown Source)
	at org.apache.derby.impl.sql.compile.ParserImpl.parseStatement(Unknown Source)
	at org.apache.derby.impl.sql.GenericStatement.prepMinion(Unknown Source)
	at org.apache.derby.impl.sql.GenericStatement.prepare(Unknown Source)
	at org.apache.derby.impl.sql.conn.GenericLanguageConnectionContext.prepareInternalStatement(Unknown Source)
	... 36 common frames omitted
2021-03-03 11:16:20,098 INFO [capacityManagement] start correct usage

2021-03-03 11:16:20,098 INFO [capacityManagement] end correct usage, cost: 0s

2021-03-03 11:16:20,291 WARN clearConfigHistory start

2021-03-03 11:16:20,291 WARN clearConfigHistory, getBeforeStamp:2021-02-01 11:16:20.0, totalCount:6, pageSize:1000, removeTime:1

2021-03-03 11:16:20,292 ERROR clearConfigHistory error

org.springframework.jdbc.UncategorizedSQLException: PreparedStatementCallback; uncategorized SQLException for SQL [delete from his_config_info where gmt_modified < ? OFFSET 0 ROWS FETCH NEXT ? ROWS ONLY]; SQL state [null]; error code [0]; Borrow prepareStatement from pool failed; nested exception is org.apache.commons.dbcp.SQLNestedException: Borrow prepareStatement from pool failed
	at org.springframework.jdbc.support.AbstractFallbackSQLExceptionTranslator.translate(AbstractFallbackSQLExceptionTranslator.java:89)
	at org.springframework.jdbc.support.AbstractFallbackSQLExceptionTranslator.translate(AbstractFallbackSQLExceptionTranslator.java:81)
	at org.springframework.jdbc.support.AbstractFallbackSQLExceptionTranslator.translate(AbstractFallbackSQLExceptionTranslator.java:81)
	at org.springframework.jdbc.core.JdbcTemplate.translateException(JdbcTemplate.java:1444)
	at org.springframework.jdbc.core.JdbcTemplate.execute(JdbcTemplate.java:632)
	at org.springframework.jdbc.core.JdbcTemplate.update(JdbcTemplate.java:862)
	at org.springframework.jdbc.core.JdbcTemplate.update(JdbcTemplate.java:917)
	at org.springframework.jdbc.core.JdbcTemplate.update(JdbcTemplate.java:927)
	at com.alibaba.nacos.config.server.utils.PaginationHelper.updateLimit(PaginationHelper.java:208)
	at com.alibaba.nacos.config.server.service.PersistService.removeConfigHistory(PersistService.java:941)
	at com.alibaba.nacos.config.server.service.PersistService$$FastClassBySpringCGLIB$$21ae4232.invoke(<generated>)
	at org.springframework.cglib.proxy.MethodProxy.invoke(MethodProxy.java:218)
	at org.springframework.aop.framework.CglibAopProxy$CglibMethodInvocation.invokeJoinpoint(CglibAopProxy.java:749)
	at org.springframework.aop.framework.ReflectiveMethodInvocation.proceed(ReflectiveMethodInvocation.java:163)
	at org.springframework.dao.support.PersistenceExceptionTranslationInterceptor.invoke(PersistenceExceptionTranslationInterceptor.java:139)
	at org.springframework.aop.framework.ReflectiveMethodInvocation.proceed(ReflectiveMethodInvocation.java:186)
	at org.springframework.aop.framework.CglibAopProxy$DynamicAdvisedInterceptor.intercept(CglibAopProxy.java:688)
	at com.alibaba.nacos.config.server.service.PersistService$$EnhancerBySpringCGLIB$$25086b1b.removeConfigHistory(<generated>)
	at com.alibaba.nacos.config.server.service.dump.DumpService.lambda$init$2(DumpService.java:100)
	at java.util.concurrent.Executors$RunnableAdapter.call(Executors.java:511)
	at java.util.concurrent.FutureTask.runAndReset(FutureTask.java:308)
	at java.util.concurrent.ScheduledThreadPoolExecutor$ScheduledFutureTask.access$301(ScheduledThreadPoolExecutor.java:180)
	at java.util.concurrent.ScheduledThreadPoolExecutor$ScheduledFutureTask.run(ScheduledThreadPoolExecutor.java:294)
	at java.util.concurrent.ThreadPoolExecutor.runWorker(ThreadPoolExecutor.java:1149)
	at java.util.concurrent.ThreadPoolExecutor$Worker.run(ThreadPoolExecutor.java:624)
	at java.lang.Thread.run(Thread.java:748)
Caused by: org.apache.commons.dbcp.SQLNestedException: Borrow prepareStatement from pool failed
	at org.apache.commons.dbcp.PoolingConnection.prepareStatement(PoolingConnection.java:113)
	at org.apache.commons.dbcp.DelegatingConnection.prepareStatement(DelegatingConnection.java:281)
	at org.apache.commons.dbcp.PoolingDataSource$PoolGuardConnectionWrapper.prepareStatement(PoolingDataSource.java:313)
	at org.springframework.jdbc.core.JdbcTemplate$SimplePreparedStatementCreator.createPreparedStatement(JdbcTemplate.java:1557)
	at org.springframework.jdbc.core.JdbcTemplate.execute(JdbcTemplate.java:615)
	... 21 common frames omitted
Caused by: java.sql.SQLSyntaxErrorException: Syntax error: Encountered "OFFSET" at line 1, column 52.
	at org.apache.derby.impl.jdbc.SQLExceptionFactory40.getSQLException(Unknown Source)
	at org.apache.derby.impl.jdbc.Util.generateCsSQLException(Unknown Source)
	at org.apache.derby.impl.jdbc.TransactionResourceImpl.wrapInSQLException(Unknown Source)
	at org.apache.derby.impl.jdbc.TransactionResourceImpl.handleException(Unknown Source)
	at org.apache.derby.impl.jdbc.EmbedConnection.handleException(Unknown Source)
	at org.apache.derby.impl.jdbc.ConnectionChild.handleException(Unknown Source)
	at org.apache.derby.impl.jdbc.EmbedPreparedStatement.<init>(Unknown Source)
	at org.apache.derby.impl.jdbc.EmbedPreparedStatement20.<init>(Unknown Source)
	at org.apache.derby.impl.jdbc.EmbedPreparedStatement30.<init>(Unknown Source)
	at org.apache.derby.impl.jdbc.EmbedPreparedStatement40.<init>(Unknown Source)
	at org.apache.derby.impl.jdbc.EmbedPreparedStatement42.<init>(Unknown Source)
	at org.apache.derby.jdbc.Driver42.newEmbedPreparedStatement(Unknown Source)
	at org.apache.derby.impl.jdbc.EmbedConnection.prepareStatement(Unknown Source)
	at org.apache.derby.impl.jdbc.EmbedConnection.prepareStatement(Unknown Source)
	at org.apache.commons.dbcp.PoolingConnection.makeObject(PoolingConnection.java:285)
	at org.apache.commons.pool.impl.GenericKeyedObjectPool.borrowObject(GenericKeyedObjectPool.java:1220)
	at org.apache.commons.dbcp.PoolingConnection.prepareStatement(PoolingConnection.java:107)
	... 25 common frames omitted
Caused by: org.apache.derby.impl.jdbc.EmbedSQLException: Syntax error: Encountered "OFFSET" at line 1, column 52.
	at org.apache.derby.impl.jdbc.SQLExceptionFactory.getSQLException(Unknown Source)
	at org.apache.derby.impl.jdbc.SQLExceptionFactory40.wrapArgsForTransportAcrossDRDA(Unknown Source)
	... 42 common frames omitted
Caused by: org.apache.derby.iapi.error.StandardException: Syntax error: Encountered "OFFSET" at line 1, column 52.
	at org.apache.derby.iapi.error.StandardException.newException(Unknown Source)
	at org.apache.derby.impl.sql.compile.ParserImpl.parseStatement(Unknown Source)
	at org.apache.derby.impl.sql.GenericStatement.prepMinion(Unknown Source)
	at org.apache.derby.impl.sql.GenericStatement.prepare(Unknown Source)
	at org.apache.derby.impl.sql.conn.GenericLanguageConnectionContext.prepareInternalStatement(Unknown Source)
	... 36 common frames omitted
2021-03-03 11:26:20,100 INFO [capacityManagement] start correct usage

2021-03-03 11:26:20,100 INFO [capacityManagement] end correct usage, cost: 0s

2021-03-03 11:26:20,293 WARN clearConfigHistory start

2021-03-03 11:26:20,294 WARN clearConfigHistory, getBeforeStamp:2021-02-01 11:26:20.0, totalCount:6, pageSize:1000, removeTime:1

2021-03-03 11:26:20,295 ERROR clearConfigHistory error

org.springframework.jdbc.UncategorizedSQLException: PreparedStatementCallback; uncategorized SQLException for SQL [delete from his_config_info where gmt_modified < ? OFFSET 0 ROWS FETCH NEXT ? ROWS ONLY]; SQL state [null]; error code [0]; Borrow prepareStatement from pool failed; nested exception is org.apache.commons.dbcp.SQLNestedException: Borrow prepareStatement from pool failed
	at org.springframework.jdbc.support.AbstractFallbackSQLExceptionTranslator.translate(AbstractFallbackSQLExceptionTranslator.java:89)
	at org.springframework.jdbc.support.AbstractFallbackSQLExceptionTranslator.translate(AbstractFallbackSQLExceptionTranslator.java:81)
	at org.springframework.jdbc.support.AbstractFallbackSQLExceptionTranslator.translate(AbstractFallbackSQLExceptionTranslator.java:81)
	at org.springframework.jdbc.core.JdbcTemplate.translateException(JdbcTemplate.java:1444)
	at org.springframework.jdbc.core.JdbcTemplate.execute(JdbcTemplate.java:632)
	at org.springframework.jdbc.core.JdbcTemplate.update(JdbcTemplate.java:862)
	at org.springframework.jdbc.core.JdbcTemplate.update(JdbcTemplate.java:917)
	at org.springframework.jdbc.core.JdbcTemplate.update(JdbcTemplate.java:927)
	at com.alibaba.nacos.config.server.utils.PaginationHelper.updateLimit(PaginationHelper.java:208)
	at com.alibaba.nacos.config.server.service.PersistService.removeConfigHistory(PersistService.java:941)
	at com.alibaba.nacos.config.server.service.PersistService$$FastClassBySpringCGLIB$$21ae4232.invoke(<generated>)
	at org.springframework.cglib.proxy.MethodProxy.invoke(MethodProxy.java:218)
	at org.springframework.aop.framework.CglibAopProxy$CglibMethodInvocation.invokeJoinpoint(CglibAopProxy.java:749)
	at org.springframework.aop.framework.ReflectiveMethodInvocation.proceed(ReflectiveMethodInvocation.java:163)
	at org.springframework.dao.support.PersistenceExceptionTranslationInterceptor.invoke(PersistenceExceptionTranslationInterceptor.java:139)
	at org.springframework.aop.framework.ReflectiveMethodInvocation.proceed(ReflectiveMethodInvocation.java:186)
	at org.springframework.aop.framework.CglibAopProxy$DynamicAdvisedInterceptor.intercept(CglibAopProxy.java:688)
	at com.alibaba.nacos.config.server.service.PersistService$$EnhancerBySpringCGLIB$$25086b1b.removeConfigHistory(<generated>)
	at com.alibaba.nacos.config.server.service.dump.DumpService.lambda$init$2(DumpService.java:100)
	at java.util.concurrent.Executors$RunnableAdapter.call(Executors.java:511)
	at java.util.concurrent.FutureTask.runAndReset(FutureTask.java:308)
	at java.util.concurrent.ScheduledThreadPoolExecutor$ScheduledFutureTask.access$301(ScheduledThreadPoolExecutor.java:180)
	at java.util.concurrent.ScheduledThreadPoolExecutor$ScheduledFutureTask.run(ScheduledThreadPoolExecutor.java:294)
	at java.util.concurrent.ThreadPoolExecutor.runWorker(ThreadPoolExecutor.java:1149)
	at java.util.concurrent.ThreadPoolExecutor$Worker.run(ThreadPoolExecutor.java:624)
	at java.lang.Thread.run(Thread.java:748)
Caused by: org.apache.commons.dbcp.SQLNestedException: Borrow prepareStatement from pool failed
	at org.apache.commons.dbcp.PoolingConnection.prepareStatement(PoolingConnection.java:113)
	at org.apache.commons.dbcp.DelegatingConnection.prepareStatement(DelegatingConnection.java:281)
	at org.apache.commons.dbcp.PoolingDataSource$PoolGuardConnectionWrapper.prepareStatement(PoolingDataSource.java:313)
	at org.springframework.jdbc.core.JdbcTemplate$SimplePreparedStatementCreator.createPreparedStatement(JdbcTemplate.java:1557)
	at org.springframework.jdbc.core.JdbcTemplate.execute(JdbcTemplate.java:615)
	... 21 common frames omitted
Caused by: java.sql.SQLSyntaxErrorException: Syntax error: Encountered "OFFSET" at line 1, column 52.
	at org.apache.derby.impl.jdbc.SQLExceptionFactory40.getSQLException(Unknown Source)
	at org.apache.derby.impl.jdbc.Util.generateCsSQLException(Unknown Source)
	at org.apache.derby.impl.jdbc.TransactionResourceImpl.wrapInSQLException(Unknown Source)
	at org.apache.derby.impl.jdbc.TransactionResourceImpl.handleException(Unknown Source)
	at org.apache.derby.impl.jdbc.EmbedConnection.handleException(Unknown Source)
	at org.apache.derby.impl.jdbc.ConnectionChild.handleException(Unknown Source)
	at org.apache.derby.impl.jdbc.EmbedPreparedStatement.<init>(Unknown Source)
	at org.apache.derby.impl.jdbc.EmbedPreparedStatement20.<init>(Unknown Source)
	at org.apache.derby.impl.jdbc.EmbedPreparedStatement30.<init>(Unknown Source)
	at org.apache.derby.impl.jdbc.EmbedPreparedStatement40.<init>(Unknown Source)
	at org.apache.derby.impl.jdbc.EmbedPreparedStatement42.<init>(Unknown Source)
	at org.apache.derby.jdbc.Driver42.newEmbedPreparedStatement(Unknown Source)
	at org.apache.derby.impl.jdbc.EmbedConnection.prepareStatement(Unknown Source)
	at org.apache.derby.impl.jdbc.EmbedConnection.prepareStatement(Unknown Source)
	at org.apache.commons.dbcp.PoolingConnection.makeObject(PoolingConnection.java:285)
	at org.apache.commons.pool.impl.GenericKeyedObjectPool.borrowObject(GenericKeyedObjectPool.java:1220)
	at org.apache.commons.dbcp.PoolingConnection.prepareStatement(PoolingConnection.java:107)
	... 25 common frames omitted
Caused by: org.apache.derby.impl.jdbc.EmbedSQLException: Syntax error: Encountered "OFFSET" at line 1, column 52.
	at org.apache.derby.impl.jdbc.SQLExceptionFactory.getSQLException(Unknown Source)
	at org.apache.derby.impl.jdbc.SQLExceptionFactory40.wrapArgsForTransportAcrossDRDA(Unknown Source)
	... 42 common frames omitted
Caused by: org.apache.derby.iapi.error.StandardException: Syntax error: Encountered "OFFSET" at line 1, column 52.
	at org.apache.derby.iapi.error.StandardException.newException(Unknown Source)
	at org.apache.derby.impl.sql.compile.ParserImpl.parseStatement(Unknown Source)
	at org.apache.derby.impl.sql.GenericStatement.prepMinion(Unknown Source)
	at org.apache.derby.impl.sql.GenericStatement.prepare(Unknown Source)
	at org.apache.derby.impl.sql.conn.GenericLanguageConnectionContext.prepareInternalStatement(Unknown Source)
	... 36 common frames omitted
2021-03-03 11:36:20,102 INFO [capacityManagement] start correct usage

2021-03-03 11:36:20,102 INFO [capacityManagement] end correct usage, cost: 0s

2021-03-03 11:36:20,298 WARN clearConfigHistory start

2021-03-03 11:36:20,298 WARN clearConfigHistory, getBeforeStamp:2021-02-01 11:36:20.0, totalCount:6, pageSize:1000, removeTime:1

2021-03-03 11:36:20,299 ERROR clearConfigHistory error

org.springframework.jdbc.UncategorizedSQLException: PreparedStatementCallback; uncategorized SQLException for SQL [delete from his_config_info where gmt_modified < ? OFFSET 0 ROWS FETCH NEXT ? ROWS ONLY]; SQL state [null]; error code [0]; Borrow prepareStatement from pool failed; nested exception is org.apache.commons.dbcp.SQLNestedException: Borrow prepareStatement from pool failed
	at org.springframework.jdbc.support.AbstractFallbackSQLExceptionTranslator.translate(AbstractFallbackSQLExceptionTranslator.java:89)
	at org.springframework.jdbc.support.AbstractFallbackSQLExceptionTranslator.translate(AbstractFallbackSQLExceptionTranslator.java:81)
	at org.springframework.jdbc.support.AbstractFallbackSQLExceptionTranslator.translate(AbstractFallbackSQLExceptionTranslator.java:81)
	at org.springframework.jdbc.core.JdbcTemplate.translateException(JdbcTemplate.java:1444)
	at org.springframework.jdbc.core.JdbcTemplate.execute(JdbcTemplate.java:632)
	at org.springframework.jdbc.core.JdbcTemplate.update(JdbcTemplate.java:862)
	at org.springframework.jdbc.core.JdbcTemplate.update(JdbcTemplate.java:917)
	at org.springframework.jdbc.core.JdbcTemplate.update(JdbcTemplate.java:927)
	at com.alibaba.nacos.config.server.utils.PaginationHelper.updateLimit(PaginationHelper.java:208)
	at com.alibaba.nacos.config.server.service.PersistService.removeConfigHistory(PersistService.java:941)
	at com.alibaba.nacos.config.server.service.PersistService$$FastClassBySpringCGLIB$$21ae4232.invoke(<generated>)
	at org.springframework.cglib.proxy.MethodProxy.invoke(MethodProxy.java:218)
	at org.springframework.aop.framework.CglibAopProxy$CglibMethodInvocation.invokeJoinpoint(CglibAopProxy.java:749)
	at org.springframework.aop.framework.ReflectiveMethodInvocation.proceed(ReflectiveMethodInvocation.java:163)
	at org.springframework.dao.support.PersistenceExceptionTranslationInterceptor.invoke(PersistenceExceptionTranslationInterceptor.java:139)
	at org.springframework.aop.framework.ReflectiveMethodInvocation.proceed(ReflectiveMethodInvocation.java:186)
	at org.springframework.aop.framework.CglibAopProxy$DynamicAdvisedInterceptor.intercept(CglibAopProxy.java:688)
	at com.alibaba.nacos.config.server.service.PersistService$$EnhancerBySpringCGLIB$$25086b1b.removeConfigHistory(<generated>)
	at com.alibaba.nacos.config.server.service.dump.DumpService.lambda$init$2(DumpService.java:100)
	at java.util.concurrent.Executors$RunnableAdapter.call(Executors.java:511)
	at java.util.concurrent.FutureTask.runAndReset(FutureTask.java:308)
	at java.util.concurrent.ScheduledThreadPoolExecutor$ScheduledFutureTask.access$301(ScheduledThreadPoolExecutor.java:180)
	at java.util.concurrent.ScheduledThreadPoolExecutor$ScheduledFutureTask.run(ScheduledThreadPoolExecutor.java:294)
	at java.util.concurrent.ThreadPoolExecutor.runWorker(ThreadPoolExecutor.java:1149)
	at java.util.concurrent.ThreadPoolExecutor$Worker.run(ThreadPoolExecutor.java:624)
	at java.lang.Thread.run(Thread.java:748)
Caused by: org.apache.commons.dbcp.SQLNestedException: Borrow prepareStatement from pool failed
	at org.apache.commons.dbcp.PoolingConnection.prepareStatement(PoolingConnection.java:113)
	at org.apache.commons.dbcp.DelegatingConnection.prepareStatement(DelegatingConnection.java:281)
	at org.apache.commons.dbcp.PoolingDataSource$PoolGuardConnectionWrapper.prepareStatement(PoolingDataSource.java:313)
	at org.springframework.jdbc.core.JdbcTemplate$SimplePreparedStatementCreator.createPreparedStatement(JdbcTemplate.java:1557)
	at org.springframework.jdbc.core.JdbcTemplate.execute(JdbcTemplate.java:615)
	... 21 common frames omitted
Caused by: java.sql.SQLSyntaxErrorException: Syntax error: Encountered "OFFSET" at line 1, column 52.
	at org.apache.derby.impl.jdbc.SQLExceptionFactory40.getSQLException(Unknown Source)
	at org.apache.derby.impl.jdbc.Util.generateCsSQLException(Unknown Source)
	at org.apache.derby.impl.jdbc.TransactionResourceImpl.wrapInSQLException(Unknown Source)
	at org.apache.derby.impl.jdbc.TransactionResourceImpl.handleException(Unknown Source)
	at org.apache.derby.impl.jdbc.EmbedConnection.handleException(Unknown Source)
	at org.apache.derby.impl.jdbc.ConnectionChild.handleException(Unknown Source)
	at org.apache.derby.impl.jdbc.EmbedPreparedStatement.<init>(Unknown Source)
	at org.apache.derby.impl.jdbc.EmbedPreparedStatement20.<init>(Unknown Source)
	at org.apache.derby.impl.jdbc.EmbedPreparedStatement30.<init>(Unknown Source)
	at org.apache.derby.impl.jdbc.EmbedPreparedStatement40.<init>(Unknown Source)
	at org.apache.derby.impl.jdbc.EmbedPreparedStatement42.<init>(Unknown Source)
	at org.apache.derby.jdbc.Driver42.newEmbedPreparedStatement(Unknown Source)
	at org.apache.derby.impl.jdbc.EmbedConnection.prepareStatement(Unknown Source)
	at org.apache.derby.impl.jdbc.EmbedConnection.prepareStatement(Unknown Source)
	at org.apache.commons.dbcp.PoolingConnection.makeObject(PoolingConnection.java:285)
	at org.apache.commons.pool.impl.GenericKeyedObjectPool.borrowObject(GenericKeyedObjectPool.java:1220)
	at org.apache.commons.dbcp.PoolingConnection.prepareStatement(PoolingConnection.java:107)
	... 25 common frames omitted
Caused by: org.apache.derby.impl.jdbc.EmbedSQLException: Syntax error: Encountered "OFFSET" at line 1, column 52.
	at org.apache.derby.impl.jdbc.SQLExceptionFactory.getSQLException(Unknown Source)
	at org.apache.derby.impl.jdbc.SQLExceptionFactory40.wrapArgsForTransportAcrossDRDA(Unknown Source)
	... 42 common frames omitted
Caused by: org.apache.derby.iapi.error.StandardException: Syntax error: Encountered "OFFSET" at line 1, column 52.
	at org.apache.derby.iapi.error.StandardException.newException(Unknown Source)
	at org.apache.derby.impl.sql.compile.ParserImpl.parseStatement(Unknown Source)
	at org.apache.derby.impl.sql.GenericStatement.prepMinion(Unknown Source)
	at org.apache.derby.impl.sql.GenericStatement.prepare(Unknown Source)
	at org.apache.derby.impl.sql.conn.GenericLanguageConnectionContext.prepareInternalStatement(Unknown Source)
	... 36 common frames omitted
2021-03-03 11:41:43,269 INFO Shutting down ExecutorService 'taskScheduler'

2021-03-03 11:41:43,274 INFO Shutting down ExecutorService 'applicationTaskExecutor'

