2021-01-31 00:02:37,794 INFO PERFORMANCE:|0|0|-1|-1

2021-01-31 00:07:37,797 INFO PERFORMANCE:|0|0|-1|-1

2021-01-31 00:12:37,799 INFO PERFORMANCE:|0|0|-1|-1

2021-01-31 00:17:37,800 INFO PERFORMANCE:|0|0|-1|-1

2021-01-31 00:22:37,802 INFO PERFORMANCE:|0|0|-1|-1

2021-01-31 00:27:37,804 INFO PERFORMANCE:|0|0|-1|-1

2021-01-31 00:32:37,806 INFO PERFORMANCE:|0|0|-1|-1

2021-01-31 00:37:37,807 INFO PERFORMANCE:|0|0|-1|-1

2021-01-31 00:42:37,809 INFO PERFORMANCE:|0|0|-1|-1

2021-01-31 00:47:37,811 INFO PERFORMANCE:|0|0|-1|-1

2021-01-31 00:52:37,812 INFO PERFORMANCE:|0|0|-1|-1

2021-01-31 00:57:37,813 INFO PERFORMANCE:|0|0|-1|-1

2021-01-31 01:02:37,815 INFO PERFORMANCE:|0|0|-1|-1

2021-01-31 01:07:37,817 INFO PERFORMANCE:|0|0|-1|-1

2021-01-31 01:12:37,818 INFO PERFORMANCE:|0|0|-1|-1

2021-01-31 01:17:37,820 INFO PERFORMANCE:|0|0|-1|-1

2021-01-31 01:22:37,822 INFO PERFORMANCE:|0|0|-1|-1

2021-01-31 01:27:37,823 INFO PERFORMANCE:|0|0|-1|-1

2021-01-31 01:32:37,825 INFO PERFORMANCE:|0|0|-1|-1

2021-01-31 01:37:37,826 INFO PERFORMANCE:|0|0|-1|-1

2021-01-31 01:42:37,828 INFO PERFORMANCE:|0|0|-1|-1

2021-01-31 01:47:37,830 INFO PERFORMANCE:|0|0|-1|-1

2021-01-31 01:52:37,831 INFO PERFORMANCE:|0|0|-1|-1

2021-01-31 01:57:37,832 INFO PERFORMANCE:|0|0|-1|-1

2021-01-31 02:02:37,833 INFO PERFORMANCE:|0|0|-1|-1

2021-01-31 02:07:37,833 INFO PERFORMANCE:|0|0|-1|-1

2021-01-31 02:12:37,835 INFO PERFORMANCE:|0|0|-1|-1

2021-01-31 02:17:37,836 INFO PERFORMANCE:|0|0|-1|-1

2021-01-31 02:22:37,838 INFO PERFORMANCE:|0|0|-1|-1

2021-01-31 02:27:37,839 INFO PERFORMANCE:|0|0|-1|-1

2021-01-31 02:32:37,840 INFO PERFORMANCE:|0|0|-1|-1

2021-01-31 02:37:37,841 INFO PERFORMANCE:|0|0|-1|-1

2021-01-31 02:42:37,841 INFO PERFORMANCE:|0|0|-1|-1

2021-01-31 02:47:37,855 INFO PERFORMANCE:|0|0|-1|-1

2021-01-31 02:52:37,858 INFO PERFORMANCE:|0|0|-1|-1

2021-01-31 02:57:37,859 INFO PERFORMANCE:|0|0|-1|-1

2021-01-31 03:02:37,860 INFO PERFORMANCE:|0|0|-1|-1

2021-01-31 03:07:37,861 INFO PERFORMANCE:|0|0|-1|-1

2021-01-31 03:12:37,862 INFO PERFORMANCE:|0|0|-1|-1

2021-01-31 03:17:37,864 INFO PERFORMANCE:|0|0|-1|-1

2021-01-31 03:22:37,866 INFO PERFORMANCE:|0|0|-1|-1

2021-01-31 03:27:37,866 INFO PERFORMANCE:|0|0|-1|-1

2021-01-31 03:32:37,868 INFO PERFORMANCE:|0|0|-1|-1

2021-01-31 03:37:37,869 INFO PERFORMANCE:|0|0|-1|-1

2021-01-31 03:42:37,869 INFO PERFORMANCE:|0|0|-1|-1

2021-01-31 03:47:37,871 INFO PERFORMANCE:|0|0|-1|-1

2021-01-31 03:52:37,871 INFO PERFORMANCE:|0|0|-1|-1

2021-01-31 03:57:37,872 INFO PERFORMANCE:|0|0|-1|-1

2021-01-31 04:02:37,874 INFO PERFORMANCE:|0|0|-1|-1

2021-01-31 04:07:37,875 INFO PERFORMANCE:|0|0|-1|-1

2021-01-31 04:12:37,876 INFO PERFORMANCE:|0|0|-1|-1

2021-01-31 04:17:37,877 INFO PERFORMANCE:|0|0|-1|-1

2021-01-31 04:22:37,878 INFO PERFORMANCE:|0|0|-1|-1

2021-01-31 04:27:37,879 INFO PERFORMANCE:|0|0|-1|-1

2021-01-31 04:32:37,880 INFO PERFORMANCE:|0|0|-1|-1

2021-01-31 04:37:37,881 INFO PERFORMANCE:|0|0|-1|-1

2021-01-31 04:42:37,881 INFO PERFORMANCE:|0|0|-1|-1

2021-01-31 04:47:37,882 INFO PERFORMANCE:|0|0|-1|-1

2021-01-31 04:52:37,884 INFO PERFORMANCE:|0|0|-1|-1

2021-01-31 04:57:37,885 INFO PERFORMANCE:|0|0|-1|-1

2021-01-31 05:02:37,887 INFO PERFORMANCE:|0|0|-1|-1

2021-01-31 05:07:37,887 INFO PERFORMANCE:|0|0|-1|-1

2021-01-31 05:12:37,889 INFO PERFORMANCE:|0|0|-1|-1

2021-01-31 05:17:37,890 INFO PERFORMANCE:|0|0|-1|-1

2021-01-31 05:22:37,892 INFO PERFORMANCE:|0|0|-1|-1

2021-01-31 05:27:37,893 INFO PERFORMANCE:|0|0|-1|-1

2021-01-31 05:32:37,895 INFO PERFORMANCE:|0|0|-1|-1

2021-01-31 05:37:37,896 INFO PERFORMANCE:|0|0|-1|-1

2021-01-31 05:42:37,898 INFO PERFORMANCE:|0|0|-1|-1

2021-01-31 05:47:37,899 INFO PERFORMANCE:|0|0|-1|-1

2021-01-31 05:52:37,901 INFO PERFORMANCE:|0|0|-1|-1

2021-01-31 05:57:37,903 INFO PERFORMANCE:|0|0|-1|-1

2021-01-31 06:02:37,904 INFO PERFORMANCE:|0|0|-1|-1

2021-01-31 06:07:37,904 INFO PERFORMANCE:|0|0|-1|-1

2021-01-31 06:12:37,905 INFO PERFORMANCE:|0|0|-1|-1

2021-01-31 06:17:37,907 INFO PERFORMANCE:|0|0|-1|-1

2021-01-31 06:22:37,909 INFO PERFORMANCE:|0|0|-1|-1

2021-01-31 06:27:37,910 INFO PERFORMANCE:|0|0|-1|-1

2021-01-31 06:32:37,911 INFO PERFORMANCE:|0|0|-1|-1

2021-01-31 06:37:37,913 INFO PERFORMANCE:|0|0|-1|-1

2021-01-31 06:42:37,913 INFO PERFORMANCE:|0|0|-1|-1

2021-01-31 06:47:37,914 INFO PERFORMANCE:|0|0|-1|-1

2021-01-31 06:52:37,916 INFO PERFORMANCE:|0|0|-1|-1

2021-01-31 06:57:37,917 INFO PERFORMANCE:|0|0|-1|-1

2021-01-31 07:02:37,918 INFO PERFORMANCE:|0|0|-1|-1

2021-01-31 07:07:37,919 INFO PERFORMANCE:|0|0|-1|-1

2021-01-31 07:12:37,920 INFO PERFORMANCE:|0|0|-1|-1

2021-01-31 07:17:37,921 INFO PERFORMANCE:|0|0|-1|-1

2021-01-31 07:22:37,921 INFO PERFORMANCE:|0|0|-1|-1

2021-01-31 07:27:37,922 INFO PERFORMANCE:|0|0|-1|-1

2021-01-31 07:32:37,924 INFO PERFORMANCE:|0|0|-1|-1

2021-01-31 07:37:37,924 INFO PERFORMANCE:|0|0|-1|-1

2021-01-31 07:42:37,925 INFO PERFORMANCE:|0|0|-1|-1

2021-01-31 07:47:37,927 INFO PERFORMANCE:|0|0|-1|-1

2021-01-31 07:52:37,929 INFO PERFORMANCE:|0|0|-1|-1

2021-01-31 07:57:37,930 INFO PERFORMANCE:|0|0|-1|-1

2021-01-31 08:02:37,931 INFO PERFORMANCE:|0|0|-1|-1

2021-01-31 08:07:37,932 INFO PERFORMANCE:|0|0|-1|-1

2021-01-31 08:12:37,933 INFO PERFORMANCE:|0|0|-1|-1

2021-01-31 08:17:37,934 INFO PERFORMANCE:|0|0|-1|-1

2021-01-31 08:22:37,936 INFO PERFORMANCE:|0|0|-1|-1

2021-01-31 08:27:37,938 INFO PERFORMANCE:|0|0|-1|-1

2021-01-31 08:32:37,938 INFO PERFORMANCE:|0|0|-1|-1

2021-01-31 08:37:37,940 INFO PERFORMANCE:|0|0|-1|-1

2021-01-31 08:42:37,942 INFO PERFORMANCE:|0|0|-1|-1

2021-01-31 08:47:37,944 INFO PERFORMANCE:|0|0|-1|-1

2021-01-31 08:52:37,944 INFO PERFORMANCE:|0|0|-1|-1

2021-01-31 08:57:37,945 INFO PERFORMANCE:|0|0|-1|-1

2021-01-31 09:02:37,947 INFO PERFORMANCE:|0|0|-1|-1

2021-01-31 09:07:37,949 INFO PERFORMANCE:|0|0|-1|-1

2021-01-31 09:12:37,950 INFO PERFORMANCE:|0|0|-1|-1

2021-01-31 09:17:37,951 INFO PERFORMANCE:|0|0|-1|-1

2021-01-31 09:22:37,953 INFO PERFORMANCE:|0|0|-1|-1

2021-01-31 09:27:37,954 INFO PERFORMANCE:|0|0|-1|-1

2021-01-31 09:32:37,955 INFO PERFORMANCE:|0|0|-1|-1

2021-01-31 09:37:37,957 INFO PERFORMANCE:|0|0|-1|-1

2021-01-31 09:42:37,958 INFO PERFORMANCE:|0|0|-1|-1

2021-01-31 09:47:37,959 INFO PERFORMANCE:|0|0|-1|-1

2021-01-31 09:52:37,959 INFO PERFORMANCE:|0|0|-1|-1

2021-01-31 09:57:37,959 INFO PERFORMANCE:|0|0|-1|-1

2021-01-31 10:02:37,961 INFO PERFORMANCE:|0|0|-1|-1

2021-01-31 10:07:37,963 INFO PERFORMANCE:|0|0|-1|-1

2021-01-31 10:12:37,963 INFO PERFORMANCE:|0|0|-1|-1

2021-01-31 10:17:37,964 INFO PERFORMANCE:|0|0|-1|-1

2021-01-31 10:22:37,966 INFO PERFORMANCE:|0|0|-1|-1

2021-01-31 10:27:37,967 INFO PERFORMANCE:|0|0|-1|-1

2021-01-31 10:32:37,968 INFO PERFORMANCE:|0|0|-1|-1

2021-01-31 10:37:37,969 INFO PERFORMANCE:|0|0|-1|-1

2021-01-31 10:42:37,971 INFO PERFORMANCE:|0|0|-1|-1

2021-01-31 10:47:37,973 INFO PERFORMANCE:|0|0|-1|-1

2021-01-31 10:52:37,974 INFO PERFORMANCE:|0|0|-1|-1

2021-01-31 10:57:37,976 INFO PERFORMANCE:|0|0|-1|-1

2021-01-31 11:02:37,977 INFO PERFORMANCE:|0|0|-1|-1

2021-01-31 11:07:37,978 INFO PERFORMANCE:|0|0|-1|-1

2021-01-31 11:12:37,979 INFO PERFORMANCE:|0|0|-1|-1

2021-01-31 11:17:37,981 INFO PERFORMANCE:|0|0|-1|-1

2021-01-31 11:22:37,982 INFO PERFORMANCE:|0|0|-1|-1

2021-01-31 11:27:37,983 INFO PERFORMANCE:|0|0|-1|-1

2021-01-31 11:32:37,983 INFO PERFORMANCE:|0|0|-1|-1

2021-01-31 11:37:37,985 INFO PERFORMANCE:|0|0|-1|-1

2021-01-31 11:42:37,987 INFO PERFORMANCE:|0|0|-1|-1

2021-01-31 11:47:37,988 INFO PERFORMANCE:|0|0|-1|-1

2021-01-31 11:52:37,990 INFO PERFORMANCE:|0|0|-1|-1

2021-01-31 11:57:37,991 INFO PERFORMANCE:|0|0|-1|-1

2021-01-31 12:02:37,993 INFO PERFORMANCE:|0|0|-1|-1

2021-01-31 12:07:37,994 INFO PERFORMANCE:|0|0|-1|-1

2021-01-31 12:12:37,995 INFO PERFORMANCE:|0|0|-1|-1

2021-01-31 12:17:37,996 INFO PERFORMANCE:|0|0|-1|-1

2021-01-31 12:22:37,998 INFO PERFORMANCE:|0|0|-1|-1

2021-01-31 12:27:37,999 INFO PERFORMANCE:|0|0|-1|-1

2021-01-31 12:32:38,000 INFO PERFORMANCE:|0|0|-1|-1

2021-01-31 12:37:38,002 INFO PERFORMANCE:|0|0|-1|-1

2021-01-31 12:42:38,003 INFO PERFORMANCE:|0|0|-1|-1

2021-01-31 12:47:38,004 INFO PERFORMANCE:|0|0|-1|-1

2021-01-31 12:52:38,006 INFO PERFORMANCE:|0|0|-1|-1

2021-01-31 12:57:38,008 INFO PERFORMANCE:|0|0|-1|-1

2021-01-31 13:02:38,010 INFO PERFORMANCE:|0|0|-1|-1

2021-01-31 13:07:38,011 INFO PERFORMANCE:|0|0|-1|-1

2021-01-31 13:12:38,013 INFO PERFORMANCE:|0|0|-1|-1

